<?xml version="1.0" encoding="UTF-8"?>
<testng-results ignored="0" total="1" passed="1" failed="0" skipped="0">
  <reporter-output>
  </reporter-output>
  <suite started-at="2023-07-31T20:25:41 EEST" name="Default Suite" finished-at="2023-07-31T20:26:03 EEST" duration-ms="22238">
    <groups>
    </groups>
    <test started-at="2023-07-31T20:25:41 EEST" name="FinalProjectAutomation" finished-at="2023-07-31T20:26:03 EEST" duration-ms="22238">
      <class name="finalProjectTest.SearchFieldTestFromProfilePage">
        <test-method is-config="true" signature="setupTestSuite()[pri:0, instance:finalProjectTest.SearchFieldTestFromProfilePage@7a419da4]" started-at="2023-07-31T20:25:40 EEST" name="setupTestSuite" finished-at="2023-07-31T20:25:41 EEST" duration-ms="840" status="PASS">
          <reporter-output>
          </reporter-output>
        </test-method> <!-- setupTestSuite -->
        <test-method is-config="true" signature="setUpTest()[pri:0, instance:finalProjectTest.SearchFieldTestFromProfilePage@7a419da4]" started-at="2023-07-31T20:25:41 EEST" name="setUpTest" finished-at="2023-07-31T20:25:45 EEST" duration-ms="4501" status="PASS">
          <reporter-output>
          </reporter-output>
        </test-method> <!-- setUpTest -->
        <test-method signature="testSearchField(java.lang.String,java.lang.String,java.lang.String,java.lang.String)[pri:0, instance:finalProjectTest.SearchFieldTestFromProfilePage@7a419da4]" started-at="2023-07-31T20:25:45 EEST" name="testSearchField" data-provider="getUser" finished-at="2023-07-31T20:26:00 EEST" duration-ms="14620" status="PASS">
          <params>
            <param index="0">
              <value>
                <![CDATA[test123489@gmail.com]]>
              </value>
            </param>
            <param index="1">
              <value>
                <![CDATA[Abc123]]>
              </value>
            </param>
            <param index="2">
              <value>
                <![CDATA[vesko201]]>
              </value>
            </param>
            <param index="3">
              <value>
                <![CDATA[test1]]>
              </value>
            </param>
          </params>
          <reporter-output>
          </reporter-output>
        </test-method> <!-- testSearchField -->
        <test-method is-config="true" signature="tearDownTest(org.testng.ITestResult)[pri:0, instance:finalProjectTest.SearchFieldTestFromProfilePage@7a419da4]" started-at="2023-07-31T20:26:00 EEST" name="tearDownTest" finished-at="2023-07-31T20:26:03 EEST" duration-ms="3025" status="PASS">
          <params>
            <param index="0">
              <value>
                <![CDATA[[TestResult name=testSearchField status=SUCCESS method=SearchFieldTestFromProfilePage.testSearchField(java.lang.String,java.lang.String,java.lang.String,java.lang.String)[pri:0, instance:finalProjectTest.SearchFieldTestFromProfilePage@7a419da4] output={null}]]]>
              </value>
            </param>
          </params>
          <reporter-output>
          </reporter-output>
        </test-method> <!-- tearDownTest -->
        <test-method is-config="true" signature="deleteDownloadedFiles()[pri:0, instance:finalProjectTest.SearchFieldTestFromProfilePage@7a419da4]" started-at="2023-07-31T20:26:03 EEST" name="deleteDownloadedFiles" finished-at="2023-07-31T20:26:03 EEST" duration-ms="3" status="PASS">
          <reporter-output>
          </reporter-output>
        </test-method> <!-- deleteDownloadedFiles -->
      </class> <!-- finalProjectTest.SearchFieldTestFromProfilePage -->
    </test> <!-- FinalProjectAutomation -->
  </suite> <!-- Default Suite -->
</testng-results>
