<?xml version="1.0" encoding="UTF-8"?>
<testng-results ignored="0" total="1" passed="1" failed="0" skipped="0">
  <reporter-output>
  </reporter-output>
  <suite started-at="2023-07-26T15:34:07 EEST" name="Default Suite" finished-at="2023-07-26T15:34:25 EEST" duration-ms="18075">
    <groups>
    </groups>
    <test started-at="2023-07-26T15:34:07 EEST" name="FinalProjectAutomation" finished-at="2023-07-26T15:34:25 EEST" duration-ms="18075">
      <class name="finalProjectTest.SearchFieldTestFromProfilePage">
        <test-method is-config="true" signature="setupTestSuite()[pri:0, instance:finalProjectTest.SearchFieldTestFromProfilePage@2ddc9a9f]" started-at="2023-07-26T15:34:05 EEST" name="setupTestSuite" finished-at="2023-07-26T15:34:07 EEST" duration-ms="1207" status="PASS">
          <reporter-output>
          </reporter-output>
        </test-method> <!-- setupTestSuite -->
        <test-method is-config="true" signature="setUpTest()[pri:0, instance:finalProjectTest.SearchFieldTestFromProfilePage@2ddc9a9f]" started-at="2023-07-26T15:34:07 EEST" name="setUpTest" finished-at="2023-07-26T15:34:12 EEST" duration-ms="5500" status="PASS">
          <reporter-output>
          </reporter-output>
        </test-method> <!-- setUpTest -->
        <test-method signature="testSearchField(java.lang.String,java.lang.String,java.lang.String,java.lang.String)[pri:0, instance:finalProjectTest.SearchFieldTestFromProfilePage@2ddc9a9f]" started-at="2023-07-26T15:34:12 EEST" name="testSearchField" data-provider="getUser" finished-at="2023-07-26T15:34:23 EEST" duration-ms="11101" status="PASS">
          <params>
            <param index="0">
              <value>
                <![CDATA[test123489@gmail.com]]>
              </value>
            </param>
            <param index="1">
              <value>
                <![CDATA[Abc123]]>
              </value>
            </param>
            <param index="2">
              <value>
                <![CDATA[vesko201]]>
              </value>
            </param>
            <param index="3">
              <value>
                <![CDATA[test1]]>
              </value>
            </param>
          </params>
          <reporter-output>
          </reporter-output>
        </test-method> <!-- testSearchField -->
        <test-method is-config="true" signature="tearDownTest()[pri:0, instance:finalProjectTest.SearchFieldTestFromProfilePage@2ddc9a9f]" started-at="2023-07-26T15:34:23 EEST" name="tearDownTest" finished-at="2023-07-26T15:34:25 EEST" duration-ms="1289" status="PASS">
          <reporter-output>
          </reporter-output>
        </test-method> <!-- tearDownTest -->
        <test-method is-config="true" signature="deleteDownloadedFiles()[pri:0, instance:finalProjectTest.SearchFieldTestFromProfilePage@2ddc9a9f]" started-at="2023-07-26T15:34:25 EEST" name="deleteDownloadedFiles" finished-at="2023-07-26T15:34:25 EEST" duration-ms="2" status="PASS">
          <reporter-output>
          </reporter-output>
        </test-method> <!-- deleteDownloadedFiles -->
      </class> <!-- finalProjectTest.SearchFieldTestFromProfilePage -->
    </test> <!-- FinalProjectAutomation -->
  </suite> <!-- Default Suite -->
</testng-results>
